<?xml version="1.0" encoding="UTF-8"?>
<!-- Generated by org.testng.reporters.JUnitXMLReporter -->
<testsuite ignored="0" hostname="DESKTOP-DA0G4CT" failures="0" tests="2" name="Test" time="16.212" errors="0" timestamp="2023-01-02T16:59:19 IST">
  <testcase classname="ServiceBase_Testing.ECommerce_Domain_Clarks_TestClasses.TestClassClarks" name="@BeforeMethod Shopping" time="0.004">
    <failure type="java.lang.IllegalArgumentException" message="Driver must be set">
      <![CDATA[java.lang.IllegalArgumentException: Driver must be set
at org.openqa.selenium.internal.Require.nonNull(Require.java:59)
at org.openqa.selenium.interactions.Actions.<init>(Actions.java:60)
at ServiceBase_Testing.ECommerce_Domain_Clarks_Page.Clarks_Home_Page.NewArrivals(Clarks_Home_Page.java:22)
at ServiceBase_Testing.ECommerce_Domain_Clarks_TestClasses.TestClassClarks.Shopping(TestClassClarks.java:36)
at java.base/java.util.ArrayList.forEach(ArrayList.java:1511)
... Removed 31 stack frames]]>
    </failure>
  </testcase> <!-- @BeforeMethod Shopping -->
  <testcase classname="ServiceBase_Testing.ECommerce_Domain_Clarks_TestClasses.TestClassClarks" name="@AfterMethod closeBrowser" time="-1.67265895911E9">
    <skipped/>
  </testcase> <!-- @AfterMethod closeBrowser -->
  <testcase classname="ServiceBase_Testing.ECommerce_Domain_Clarks_TestClasses.TestClassClarks" name="@BeforeMethod Shopping" time="-1.672658959118E9">
    <skipped/>
  </testcase> <!-- @BeforeMethod Shopping -->
  <testcase classname="ServiceBase_Testing.ECommerce_Domain_Clarks_TestClasses.TestClassClarks" name="@AfterMethod closeBrowser" time="-1.672658959139E9">
    <skipped/>
  </testcase> <!-- @AfterMethod closeBrowser -->
  <testcase classname="ServiceBase_Testing.ECommerce_Domain_Clarks_TestClasses.TestClassClarks" name="@AfterClass Report" time="-1.672658959143E9">
    <skipped/>
  </testcase> <!-- @AfterClass Report -->
  <testcase classname="ServiceBase_Testing.ECommerce_Domain_Clarks_TestClasses.TestClassClarks" name="ValidatedPriceFilterss" time="0.0">
    <skipped/>
  </testcase> <!-- ValidatedPriceFilterss -->
  <testcase classname="ServiceBase_Testing.ECommerce_Domain_Clarks_TestClasses.TestClassClarks" name="Vlaidatesortfilterss" time="0.0">
    <skipped/>
  </testcase> <!-- Vlaidatesortfilterss -->
</testsuite> <!-- Test -->
