<!DOCTYPE html PUBLIC "-//W3C//DTD XHTML 1.1//EN" "https://www.w3.org/TR/xhtml11/DTD/xhtml11.dtd">
<html xmlns="https://www.w3.org/1999/xhtml">
<head>
<meta http-equiv="content-type" content="text/html; charset=UTF-8"/>
<title>TestNG Report</title>
<style type="text/css">table {margin-bottom:10px;border-collapse:collapse;empty-cells:show}th,td {border:1px solid #009;padding:.25em .5em}th {vertical-align:bottom}td {vertical-align:top}table a {font-weight:bold}.stripe td {background-color: #E6EBF9}.num {text-align:right}.passedodd td {background-color: #3F3}.passedeven td {background-color: #0A0}.skippedodd td {background-color: #DDD}.skippedeven td {background-color: #CCC}.failedodd td,.attn {background-color: #F33}.failedeven td,.stripe .attn {background-color: #D00}.stacktrace {white-space:pre;font-family:monospace}.totop {font-size:85%;text-align:center;border-bottom:2px solid #000}.invisible {display:none}</style>
</head>
<body>
<table>
<tr><th>Test</th><th># Passed</th><th># Skipped</th><th># Retried</th><th># Failed</th><th>Time (ms)</th><th>Included Groups</th><th>Excluded Groups</th></tr>
<tr><th colspan="8">Suite</th></tr>
<tr><td><a href="#t0">Test</a></td><td class="num">0</td><td class="num attn">2</td><td class="num">0</td><td class="num">0</td><td class="num">16,212</td><td></td><td></td></tr>
</table>
<table id='summary'><thead><tr><th>Class</th><th>Method</th><th>Start</th><th>Time (ms)</th></tr></thead><tbody><tr><th colspan="4">Suite</th></tr></tbody><tbody id="t0"><tr><th colspan="4">Test &#8212; failed (configuration methods)</th></tr><tr class="failedeven"><td rowspan="1">ServiceBase_Testing.ECommerce_Domain_Clarks_TestClasses.TestClassClarks</td><td><a href="#m0">Shopping</a></td><td rowspan="1">1672658959078</td><td rowspan="1">4</td></tr><tr><th colspan="4">Test &#8212; skipped (configuration methods)</th></tr><tr class="skippedeven"><td rowspan="4">ServiceBase_Testing.ECommerce_Domain_Clarks_TestClasses.TestClassClarks</td><td><a href="#m1">Report</a></td><td rowspan="1">1672658959143</td><td rowspan="1">-1672658959143</td></tr><tr class="skippedeven"><td><a href="#m2">Shopping</a></td><td rowspan="1">1672658959118</td><td rowspan="1">-1672658959118</td></tr><tr class="skippedeven"><td><a href="#m3">closeBrowser</a></td><td rowspan="2">1672658959110</td><td rowspan="2">-1672658959110</td></tr><tr class="skippedeven"><td><a href="#m4">closeBrowser</a></td></tr><tr><th colspan="4">Test &#8212; skipped</th></tr><tr class="skippedeven"><td rowspan="2">ServiceBase_Testing.ECommerce_Domain_Clarks_TestClasses.TestClassClarks</td><td><a href="#m5">ValidatedPriceFilterss</a></td><td rowspan="1">1672658959099</td><td rowspan="1">0</td></tr><tr class="skippedeven"><td><a href="#m6">Vlaidatesortfilterss</a></td><td rowspan="1">1672658959120</td><td rowspan="1">0</td></tr></tbody>
</table>
<h2>Test</h2><h3 id="m0">ServiceBase_Testing.ECommerce_Domain_Clarks_TestClasses.TestClassClarks#Shopping</h3><table class="result"><tr><th>Exception</th></tr><tr><td><div class="stacktrace">java.lang.IllegalArgumentException: Driver must be set
	at org.openqa.selenium.internal.Require.nonNull(Require.java:59)
	at org.openqa.selenium.interactions.Actions.&lt;init&gt;(Actions.java:60)
	at ServiceBase_Testing.ECommerce_Domain_Clarks_Page.Clarks_Home_Page.NewArrivals(Clarks_Home_Page.java:22)
	at ServiceBase_Testing.ECommerce_Domain_Clarks_TestClasses.TestClassClarks.Shopping(TestClassClarks.java:36)
	at java.base/java.util.ArrayList.forEach(ArrayList.java:1511)
... Removed 31 stack frames</div></td></tr></table><p class="totop"><a href="#summary">back to summary</a></p>
<h3 id="m1">ServiceBase_Testing.ECommerce_Domain_Clarks_TestClasses.TestClassClarks#Report</h3><table class="result"><tr><th class="invisible"/></tr></table><p class="totop"><a href="#summary">back to summary</a></p>
<h3 id="m2">ServiceBase_Testing.ECommerce_Domain_Clarks_TestClasses.TestClassClarks#Shopping</h3><table class="result"><tr><th class="invisible"/></tr></table><p class="totop"><a href="#summary">back to summary</a></p>
<h3 id="m3">ServiceBase_Testing.ECommerce_Domain_Clarks_TestClasses.TestClassClarks#closeBrowser</h3><table class="result"><tr><th class="invisible"/></tr></table><p class="totop"><a href="#summary">back to summary</a></p>
<h3 id="m4">ServiceBase_Testing.ECommerce_Domain_Clarks_TestClasses.TestClassClarks#closeBrowser</h3><table class="result"><tr><th class="invisible"/></tr></table><p class="totop"><a href="#summary">back to summary</a></p>
<h3 id="m5">ServiceBase_Testing.ECommerce_Domain_Clarks_TestClasses.TestClassClarks#ValidatedPriceFilterss</h3><table class="result"><tr><th>Exception</th></tr><tr><td><div class="stacktrace">java.lang.IllegalArgumentException: Driver must be set
	at org.openqa.selenium.internal.Require.nonNull(Require.java:59)
	at org.openqa.selenium.interactions.Actions.&lt;init&gt;(Actions.java:60)
	at ServiceBase_Testing.ECommerce_Domain_Clarks_Page.Clarks_Home_Page.NewArrivals(Clarks_Home_Page.java:22)
	at ServiceBase_Testing.ECommerce_Domain_Clarks_TestClasses.TestClassClarks.Shopping(TestClassClarks.java:36)
	at java.base/java.util.ArrayList.forEach(ArrayList.java:1511)
... Removed 31 stack frames</div></td></tr></table><p class="totop"><a href="#summary">back to summary</a></p>
<h3 id="m6">ServiceBase_Testing.ECommerce_Domain_Clarks_TestClasses.TestClassClarks#Vlaidatesortfilterss</h3><table class="result"><tr><th>Exception</th></tr><tr><td><div class="stacktrace">java.lang.IllegalArgumentException: Driver must be set
	at org.openqa.selenium.internal.Require.nonNull(Require.java:59)
	at org.openqa.selenium.interactions.Actions.&lt;init&gt;(Actions.java:60)
	at ServiceBase_Testing.ECommerce_Domain_Clarks_Page.Clarks_Home_Page.NewArrivals(Clarks_Home_Page.java:22)
	at ServiceBase_Testing.ECommerce_Domain_Clarks_TestClasses.TestClassClarks.Shopping(TestClassClarks.java:36)
	at java.base/java.util.ArrayList.forEach(ArrayList.java:1511)
... Removed 31 stack frames</div></td></tr></table><p class="totop"><a href="#summary">back to summary</a></p>
</body>
</html>
